#
# There is insufficient memory for the Java Runtime Environment to continue.
# Native memory allocation (malloc) failed to allocate 1521936 bytes for Chunk::new
# Possible reasons:
#   The system is out of physical RAM or swap space
#   The process is running with CompressedOops enabled, and the Java Heap may be blocking the growth of the native heap
# Possible solutions:
#   Reduce memory load on the system
#   Increase physical memory or swap space
#   Check if swap backing store is full
#   Decrease Java heap size (-Xmx/-Xms)
#   Decrease number of Java threads
#   Decrease Java thread stack sizes (-Xss)
#   Set larger code cache with -XX:ReservedCodeCacheSize=
#   JVM is running with Unscaled Compressed Oops mode in which the Java heap is
#     placed in the first 4GB address space. The Java Heap base address is the
#     maximum limit for the native heap growth. Please use -XX:HeapBaseMinAddress
#     to set the Java Heap base and to place the Java Heap above 4GB virtual address.
# This output file may be truncated or incomplete.
#
#  Out of Memory Error (arena.cpp:168), pid=12160, tid=4672
#
# JRE version: Java(TM) SE Runtime Environment (21.0.9+7) (build 21.0.9+7-LTS-338)
# Java VM: Java HotSpot(TM) 64-Bit Server VM (21.0.9+7-LTS-338, mixed mode, sharing, tiered, compressed oops, compressed class ptrs, g1 gc, windows-amd64)
# No core dump will be written. Minidumps are not enabled by default on client versions of Windows
#

---------------  S U M M A R Y ------------

Command Line: -javaagent:C:\Program Files\JetBrains\IntelliJ IDEA Community Edition 2025.2.6.1\lib\idea_rt.jar=49191 -Dfile.encoding=UTF-8 -Dsun.stdout.encoding=UTF-8 -Dsun.stderr.encoding=UTF-8 com.jobportal.backend.BackendApplication

Host: 11th Gen Intel(R) Core(TM) i5-1135G7 @ 2.40GHz, 8 cores, 3G,  Windows 11 , 64 bit Build 26100 (10.0.26100.8737)
Time: Sun Jun 28 22:51:50 2026 India Standard Time elapsed time: 23.513479 seconds (0d 0h 0m 23s)

---------------  T H R E A D  ---------------

Current thread (0x000002057da32290):  JavaThread "C2 CompilerThread0" daemon [_thread_in_native, id=4672, stack(0x00000027b6b00000,0x00000027b6c00000) (1024K)]


Current CompileTask:
C2:  23521 5932       4       org.springframework.core.annotation.TypeMappedAnnotations::get (8 bytes)

Stack: [0x00000027b6b00000,0x00000027b6c00000]
Native frames: (J=compiled Java code, j=interpreted, Vv=VM code, C=native code)
V  [jvm.dll+0x6cbf89]
V  [jvm.dll+0x858421]
V  [jvm.dll+0x85a94e]
V  [jvm.dll+0x85b023]
V  [jvm.dll+0x27ebc6]
V  [jvm.dll+0xc4f4d]
V  [jvm.dll+0xc5483]
V  [jvm.dll+0x3b69c2]
V  [jvm.dll+0x382925]
V  [jvm.dll+0x381d9a]
V  [jvm.dll+0x247640]
V  [jvm.dll+0x246c1f]
V  [jvm.dll+0x1c7a3e]
V  [jvm.dll+0x256329]
V  [jvm.dll+0x2548ba]
V  [jvm.dll+0x3efdee]
V  [jvm.dll+0x80265b]
V  [jvm.dll+0x6ca66d]
C  [ucrtbase.dll+0x2cd30]
C  [KERNEL32.DLL+0x2e957]
C  [ntdll.dll+0xaad6c]


---------------  P R O C E S S  ---------------

Threads class SMR info:
_java_thread_list=0x000002057ed60e50, length=16, elements={
0x000002056f32fd10, 0x000002057da17810, 0x000002057da1afe0, 0x000002057da1eca0,
0x000002057da1fc80, 0x000002057da22750, 0x000002057da23f40, 0x000002057da32290,
0x000002057da338a0, 0x000002057dcc0f10, 0x000002057e1be380, 0x000002057e1be9f0,
0x000002057e4dd1a0, 0x000002057e3a9f30, 0x000002057dcd5d90, 0x0000020556768620
}

Java Threads: ( => current thread )
  0x000002056f32fd10 JavaThread "main"                              [_thread_blocked, id=13224, stack(0x00000027b5d00000,0x00000027b5e00000) (1024K)]
  0x000002057da17810 JavaThread "Reference Handler"          daemon [_thread_blocked, id=2724, stack(0x00000027b6500000,0x00000027b6600000) (1024K)]
  0x000002057da1afe0 JavaThread "Finalizer"                  daemon [_thread_blocked, id=4916, stack(0x00000027b6600000,0x00000027b6700000) (1024K)]
  0x000002057da1eca0 JavaThread "Signal Dispatcher"          daemon [_thread_blocked, id=17400, stack(0x00000027b6700000,0x00000027b6800000) (1024K)]
  0x000002057da1fc80 JavaThread "Attach Listener"            daemon [_thread_blocked, id=13824, stack(0x00000027b6800000,0x00000027b6900000) (1024K)]
  0x000002057da22750 JavaThread "Service Thread"             daemon [_thread_blocked, id=14140, stack(0x00000027b6900000,0x00000027b6a00000) (1024K)]
  0x000002057da23f40 JavaThread "Monitor Deflation Thread"   daemon [_thread_blocked, id=9852, stack(0x00000027b6a00000,0x00000027b6b00000) (1024K)]
=>0x000002057da32290 JavaThread "C2 CompilerThread0"         daemon [_thread_in_native, id=4672, stack(0x00000027b6b00000,0x00000027b6c00000) (1024K)]
  0x000002057da338a0 JavaThread "C1 CompilerThread0"         daemon [_thread_blocked, id=13996, stack(0x00000027b6c00000,0x00000027b6d00000) (1024K)]
  0x000002057dcc0f10 JavaThread "Common-Cleaner"             daemon [_thread_blocked, id=10020, stack(0x00000027b6d00000,0x00000027b6e00000) (1024K)]
  0x000002057e1be380 JavaThread "Monitor Ctrl-Break"         daemon [_thread_in_native, id=5928, stack(0x00000027b6f00000,0x00000027b7000000) (1024K)]
  0x000002057e1be9f0 JavaThread "Notification Thread"        daemon [_thread_blocked, id=13604, stack(0x00000027b7000000,0x00000027b7100000) (1024K)]
  0x000002057e4dd1a0 JavaThread "Thread-0"                          [_thread_blocked, id=10184, stack(0x00000027b7100000,0x00000027b7200000) (1024K)]
  0x000002057e3a9f30 JavaThread "restartedMain"                     [_thread_in_vm, id=4836, stack(0x00000027b7200000,0x00000027b7300000) (1024K)]
  0x000002057dcd5d90 JavaThread "mysql-cj-abandoned-connection-cleanup" daemon [_thread_blocked, id=15776, stack(0x00000027b7800000,0x00000027b7900000) (1024K)]
  0x0000020556768620 JavaThread "HikariPool-1:housekeeper"   daemon [_thread_blocked, id=16744, stack(0x00000027b7d00000,0x00000027b7e00000) (1024K)]
Total: 16

Other Threads:
  0x000002057d9fb580 VMThread "VM Thread"                           [id=15996, stack(0x00000027b6400000,0x00000027b6500000) (1024K)]
  0x000002057d9e37e0 WatcherThread "VM Periodic Task Thread"        [id=15796, stack(0x00000027b6300000,0x00000027b6400000) (1024K)]
  0x000002056f9d93d0 WorkerThread "GC Thread#0"                     [id=9228, stack(0x00000027b5e00000,0x00000027b5f00000) (1024K)]
  0x000002057e39b200 WorkerThread "GC Thread#1"                     [id=11540, stack(0x00000027b7300000,0x00000027b7400000) (1024K)]
  0x000002057e39b5b0 WorkerThread "GC Thread#2"                     [id=12508, stack(0x00000027b7400000,0x00000027b7500000) (1024K)]
  0x000002057e39b960 WorkerThread "GC Thread#3"                     [id=17432, stack(0x00000027b7500000,0x00000027b7600000) (1024K)]
  0x000002057e39bd10 WorkerThread "GC Thread#4"                     [id=11424, stack(0x00000027b7600000,0x00000027b7700000) (1024K)]
  0x000002057e39c0c0 WorkerThread "GC Thread#5"                     [id=14544, stack(0x00000027b7700000,0x00000027b7800000) (1024K)]
  0x000002057eb3d640 WorkerThread "GC Thread#6"                     [id=16540, stack(0x00000027b7900000,0x00000027b7a00000) (1024K)]
  0x000002057eb3d9f0 WorkerThread "GC Thread#7"                     [id=16136, stack(0x00000027b7a00000,0x00000027b7b00000) (1024K)]
  0x000002056f9e23d0 ConcurrentGCThread "G1 Main Marker"            [id=15468, stack(0x00000027b5f00000,0x00000027b6000000) (1024K)]
  0x000002056f9e3d60 WorkerThread "G1 Conc#0"                       [id=16756, stack(0x00000027b6000000,0x00000027b6100000) (1024K)]
  0x000002055415a450 WorkerThread "G1 Conc#1"                       [id=16548, stack(0x00000027b7b00000,0x00000027b7c00000) (1024K)]
  0x000002056fa51e40 ConcurrentGCThread "G1 Refine#0"               [id=17460, stack(0x00000027b6100000,0x00000027b6200000) (1024K)]
  0x000002056fa54880 ConcurrentGCThread "G1 Service"                [id=12664, stack(0x00000027b6200000,0x00000027b6300000) (1024K)]
Total: 15

Threads with active compile tasks:
C2 CompilerThread0    23705 5932       4       org.springframework.core.annotation.TypeMappedAnnotations::get (8 bytes)
Total: 1

VM state: not at safepoint (normal execution)

VM Mutex/Monitor currently owned by a thread:  ([mutex/lock_event])
[0x00007ffc7463edf0] Metaspace_lock - owner thread: 0x000002057e3a9f30

Heap address: 0x00000000c4000000, size: 960 MB, Compressed Oops mode: 32-bit

CDS archive(s) mapped at: [0x000002050f000000-0x000002050fc90000-0x000002050fc90000), size 13172736, SharedBaseAddress: 0x000002050f000000, ArchiveRelocationMode: 1.
Compressed class space mapped at: 0x0000020510000000-0x0000020550000000, reserved size: 1073741824
Narrow klass base: 0x000002050f000000, Narrow klass shift: 0, Narrow klass range: 0x100000000

GC Precious Log:
 CardTable entry size: 512
 Card Set container configuration: InlinePtr #cards 5 size 8 Array Of Cards #cards 12 size 40 Howl #buckets 4 coarsen threshold 1843 Howl Bitmap #cards 512 size 80 coarsen threshold 460 Card regions per heap region 1 cards per card region 2048
 CPUs: 8 total, 8 available
 Memory: 3836M
 Large Page Support: Disabled
 NUMA Support: Disabled
 Compressed Oops: Enabled (32-bit)
 Heap Region Size: 1M
 Heap Min Capacity: 8M
 Heap Initial Capacity: 60M
 Heap Max Capacity: 960M
 Pre-touch: Disabled
 Parallel Workers: 8
 Concurrent Workers: 2
 Concurrent Refinement Workers: 8
 Periodic GC: Disabled

Heap:
 garbage-first heap   total 55296K, used 36282K [0x00000000c4000000, 0x0000000100000000)
  region size 1024K, 11 young (11264K), 3 survivors (3072K)
 Metaspace       used 65814K, committed 66496K, reserved 1114112K
  class space    used 8752K, committed 9088K, reserved 1048576K

Heap Regions: E=young(eden), S=young(survivor), O=old, HS=humongous(starts), HC=humongous(continues), CS=collection set, F=free, TAMS=top-at-mark-start, PB=parsable bottom
|   0|0x00000000c4000000, 0x00000000c4100000, 0x00000000c4100000|100%|HS|  |TAMS 0x00000000c4000000| PB 0x00000000c4000000| Complete 
|   1|0x00000000c4100000, 0x00000000c4200000, 0x00000000c4200000|100%|HS|  |TAMS 0x00000000c4100000| PB 0x00000000c4100000| Complete 
|   2|0x00000000c4200000, 0x00000000c4300000, 0x00000000c4300000|100%| O|  |TAMS 0x00000000c4200000| PB 0x00000000c4200000| Untracked 
|   3|0x00000000c4300000, 0x00000000c4400000, 0x00000000c4400000|100%| O|  |TAMS 0x00000000c4300000| PB 0x00000000c4300000| Untracked 
|   4|0x00000000c4400000, 0x00000000c4500000, 0x00000000c4500000|100%| O|  |TAMS 0x00000000c4400000| PB 0x00000000c4400000| Untracked 
|   5|0x00000000c4500000, 0x00000000c4600000, 0x00000000c4600000|100%| O|  |TAMS 0x00000000c4500000| PB 0x00000000c4500000| Untracked 
|   6|0x00000000c4600000, 0x00000000c4700000, 0x00000000c4700000|100%| O|  |TAMS 0x00000000c4600000| PB 0x00000000c4600000| Untracked 
|   7|0x00000000c4700000, 0x00000000c4800000, 0x00000000c4800000|100%| O|  |TAMS 0x00000000c4700000| PB 0x00000000c4700000| Untracked 
|   8|0x00000000c4800000, 0x00000000c4900000, 0x00000000c4900000|100%| O|  |TAMS 0x00000000c4800000| PB 0x00000000c4800000| Untracked 
|   9|0x00000000c4900000, 0x00000000c4a00000, 0x00000000c4a00000|100%| O|  |TAMS 0x00000000c4900000| PB 0x00000000c4900000| Untracked 
|  10|0x00000000c4a00000, 0x00000000c4b00000, 0x00000000c4b00000|100%| O|  |TAMS 0x00000000c4a00000| PB 0x00000000c4a00000| Untracked 
|  11|0x00000000c4b00000, 0x00000000c4c00000, 0x00000000c4c00000|100%| O|  |TAMS 0x00000000c4b00000| PB 0x00000000c4b00000| Untracked 
|  12|0x00000000c4c00000, 0x00000000c4d00000, 0x00000000c4d00000|100%| O|  |TAMS 0x00000000c4c00000| PB 0x00000000c4c00000| Untracked 
|  13|0x00000000c4d00000, 0x00000000c4e00000, 0x00000000c4e00000|100%| O|  |TAMS 0x00000000c4d00000| PB 0x00000000c4d00000| Untracked 
|  14|0x00000000c4e00000, 0x00000000c4f00000, 0x00000000c4f00000|100%| O|  |TAMS 0x00000000c4e00000| PB 0x00000000c4e00000| Untracked 
|  15|0x00000000c4f00000, 0x00000000c5000000, 0x00000000c5000000|100%| O|  |TAMS 0x00000000c4f00000| PB 0x00000000c4f00000| Untracked 
|  16|0x00000000c5000000, 0x00000000c5100000, 0x00000000c5100000|100%| O|  |TAMS 0x00000000c5000000| PB 0x00000000c5000000| Untracked 
|  17|0x00000000c5100000, 0x00000000c5200000, 0x00000000c5200000|100%| O|  |TAMS 0x00000000c5100000| PB 0x00000000c5100000| Untracked 
|  18|0x00000000c5200000, 0x00000000c5300000, 0x00000000c5300000|100%| O|  |TAMS 0x00000000c5200000| PB 0x00000000c5200000| Untracked 
|  19|0x00000000c5300000, 0x00000000c5400000, 0x00000000c5400000|100%| O|Cm|TAMS 0x00000000c5300000| PB 0x00000000c5300000| Complete 
|  20|0x00000000c5400000, 0x00000000c5500000, 0x00000000c5500000|100%| O|  |TAMS 0x00000000c5400000| PB 0x00000000c5400000| Untracked 
|  21|0x00000000c5500000, 0x00000000c5600000, 0x00000000c5600000|100%| O|  |TAMS 0x00000000c5500000| PB 0x00000000c5500000| Untracked 
|  22|0x00000000c5600000, 0x00000000c5700000, 0x00000000c5700000|100%| O|  |TAMS 0x00000000c5600000| PB 0x00000000c5600000| Untracked 
|  23|0x00000000c5700000, 0x00000000c5800000, 0x00000000c5800000|100%| O|  |TAMS 0x00000000c5700000| PB 0x00000000c5700000| Untracked 
|  24|0x00000000c5800000, 0x00000000c5900000, 0x00000000c5900000|100%| O|  |TAMS 0x00000000c5800000| PB 0x00000000c5800000| Untracked 
|  25|0x00000000c5900000, 0x00000000c5900000, 0x00000000c5a00000|  0%| F|  |TAMS 0x00000000c5900000| PB 0x00000000c5900000| Untracked 
|  26|0x00000000c5a00000, 0x00000000c5a00000, 0x00000000c5b00000|  0%| F|  |TAMS 0x00000000c5a00000| PB 0x00000000c5a00000| Untracked 
|  27|0x00000000c5b00000, 0x00000000c5b00000, 0x00000000c5c00000|  0%| F|  |TAMS 0x00000000c5b00000| PB 0x00000000c5b00000| Untracked 
|  28|0x00000000c5c00000, 0x00000000c5d00000, 0x00000000c5d00000|100%| O|  |TAMS 0x00000000c5c00000| PB 0x00000000c5c00000| Untracked 
|  29|0x00000000c5d00000, 0x00000000c5d6e9a0, 0x00000000c5e00000| 43%| S|CS|TAMS 0x00000000c5d00000| PB 0x00000000c5d00000| Complete 
|  30|0x00000000c5e00000, 0x00000000c5f00000, 0x00000000c5f00000|100%| S|CS|TAMS 0x00000000c5e00000| PB 0x00000000c5e00000| Complete 
|  31|0x00000000c5f00000, 0x00000000c6000000, 0x00000000c6000000|100%| S|CS|TAMS 0x00000000c5f00000| PB 0x00000000c5f00000| Complete 
|  32|0x00000000c6000000, 0x00000000c6000000, 0x00000000c6100000|  0%| F|  |TAMS 0x00000000c6000000| PB 0x00000000c6000000| Untracked 
|  33|0x00000000c6100000, 0x00000000c6100000, 0x00000000c6200000|  0%| F|  |TAMS 0x00000000c6100000| PB 0x00000000c6100000| Untracked 
|  34|0x00000000c6200000, 0x00000000c6200000, 0x00000000c6300000|  0%| F|  |TAMS 0x00000000c6200000| PB 0x00000000c6200000| Untracked 
|  35|0x00000000c6300000, 0x00000000c6300000, 0x00000000c6400000|  0%| F|  |TAMS 0x00000000c6300000| PB 0x00000000c6300000| Untracked 
|  36|0x00000000c6400000, 0x00000000c6400000, 0x00000000c6500000|  0%| F|  |TAMS 0x00000000c6400000| PB 0x00000000c6400000| Untracked 
|  37|0x00000000c6500000, 0x00000000c6500000, 0x00000000c6600000|  0%| F|  |TAMS 0x00000000c6500000| PB 0x00000000c6500000| Untracked 
|  38|0x00000000c6600000, 0x00000000c6600000, 0x00000000c6700000|  0%| F|  |TAMS 0x00000000c6600000| PB 0x00000000c6600000| Untracked 
|  39|0x00000000c6700000, 0x00000000c6700000, 0x00000000c6800000|  0%| F|  |TAMS 0x00000000c6700000| PB 0x00000000c6700000| Untracked 
|  40|0x00000000c6800000, 0x00000000c6800000, 0x00000000c6900000|  0%| F|  |TAMS 0x00000000c6800000| PB 0x00000000c6800000| Untracked 
|  41|0x00000000c6900000, 0x00000000c6900000, 0x00000000c6a00000|  0%| F|  |TAMS 0x00000000c6900000| PB 0x00000000c6900000| Untracked 
|  42|0x00000000c6a00000, 0x00000000c6a00000, 0x00000000c6b00000|  0%| F|  |TAMS 0x00000000c6a00000| PB 0x00000000c6a00000| Untracked 
|  43|0x00000000c6b00000, 0x00000000c6b00000, 0x00000000c6c00000|  0%| F|  |TAMS 0x00000000c6b00000| PB 0x00000000c6b00000| Untracked 
|  44|0x00000000c6c00000, 0x00000000c6c00000, 0x00000000c6d00000|  0%| F|  |TAMS 0x00000000c6c00000| PB 0x00000000c6c00000| Untracked 
|  45|0x00000000c6d00000, 0x00000000c6d00000, 0x00000000c6e00000|  0%| F|  |TAMS 0x00000000c6d00000| PB 0x00000000c6d00000| Untracked 
|  46|0x00000000c6e00000, 0x00000000c6e5b1c0, 0x00000000c6f00000| 35%| E|  |TAMS 0x00000000c6e00000| PB 0x00000000c6e00000| Complete 
|  47|0x00000000c6f00000, 0x00000000c7000000, 0x00000000c7000000|100%| E|CS|TAMS 0x00000000c6f00000| PB 0x00000000c6f00000| Complete 
|  48|0x00000000c7000000, 0x00000000c7100000, 0x00000000c7100000|100%| E|CS|TAMS 0x00000000c7000000| PB 0x00000000c7000000| Complete 
|  49|0x00000000c7100000, 0x00000000c7200000, 0x00000000c7200000|100%| E|CS|TAMS 0x00000000c7100000| PB 0x00000000c7100000| Complete 
|  50|0x00000000c7200000, 0x00000000c7300000, 0x00000000c7300000|100%| E|CS|TAMS 0x00000000c7200000| PB 0x00000000c7200000| Complete 
|  51|0x00000000c7300000, 0x00000000c7400000, 0x00000000c7400000|100%| E|CS|TAMS 0x00000000c7300000| PB 0x00000000c7300000| Complete 
|  52|0x00000000c7400000, 0x00000000c7500000, 0x00000000c7500000|100%| E|CS|TAMS 0x00000000c7400000| PB 0x00000000c7400000| Complete 
|  59|0x00000000c7b00000, 0x00000000c7c00000, 0x00000000c7c00000|100%| E|CS|TAMS 0x00000000c7b00000| PB 0x00000000c7b00000| Complete 

Card table byte_map: [0x0000020579f20000,0x000002057a100000] _byte_map_base: 0x0000020579900000

Marking Bits: (CMBitMap*) 0x000002056f9da2f0
 Bits: [0x000002057a100000, 0x000002057b000000)

Polling page: 0x000002056fa60000

Metaspace:

Usage:
  Non-class:     55.73 MB used.
      Class:      8.55 MB used.
       Both:     64.27 MB used.

Virtual space:
  Non-class space:       64.00 MB reserved,      56.06 MB ( 88%) committed,  1 nodes.
      Class space:        1.00 GB reserved,       8.88 MB ( <1%) committed,  1 nodes.
             Both:        1.06 GB reserved,      64.94 MB (  6%) committed. 

Chunk freelists:
   Non-Class:  7.11 MB
       Class:  7.16 MB
        Both:  14.27 MB

MaxMetaspaceSize: unlimited
CompressedClassSpaceSize: 1.00 GB
Initial GC threshold: 21.00 MB
Current GC threshold: 98.44 MB
CDS: on
 - commit_granule_bytes: 65536.
 - commit_granule_words: 8192.
 - virtual_space_node_default_size: 8388608.
 - enlarge_chunks_in_place: 1.
 - use_allocation_guard: 0.


Internal statistics:

num_allocs_failed_limit: 9.
num_arena_births: 836.
num_arena_deaths: 0.
num_vsnodes_births: 2.
num_vsnodes_deaths: 0.
num_space_committed: 1039.
num_space_uncommitted: 0.
num_chunks_returned_to_freelist: 9.
num_chunks_taken_from_freelist: 3127.
num_chunk_merges: 9.
num_chunk_splits: 2267.
num_chunks_enlarged: 1745.
num_inconsistent_stats: 0.

CodeHeap 'non-profiled nmethods': size=120000Kb used=3254Kb max_used=3476Kb free=116745Kb
 bounds [0x0000020507ad0000, 0x0000020507e40000, 0x000002050f000000]
CodeHeap 'profiled nmethods': size=120000Kb used=10380Kb max_used=10702Kb free=109619Kb
 bounds [0x0000020500000000, 0x0000020500a80000, 0x0000020507530000]
CodeHeap 'non-nmethods': size=5760Kb used=1926Kb max_used=1941Kb free=3834Kb
 bounds [0x0000020507530000, 0x00000205077a0000, 0x0000020507ad0000]
 total_blobs=6031 nmethods=5296 adapters=639
 compilation: enabled
              stopped_count=0, restarted_count=0
 full_count=0

Compilation events (20 events):
Event: 21.338 Thread 0x000002057da338a0 5948       1       sun.reflect.generics.factory.CoreReflectionFactory::getScope (5 bytes)
Event: 21.338 Thread 0x000002057da338a0 nmethod 5948 0x0000020507d1b910 code [0x0000020507d1baa0, 0x0000020507d1bb68]
Event: 21.339 Thread 0x000002057da338a0 5949       3       org.springframework.core.convert.support.GenericConversionService$ConverterCacheKey::hashCode (19 bytes)
Event: 21.339 Thread 0x000002057da338a0 nmethod 5949 0x0000020500831190 code [0x0000020500831360, 0x0000020500831900]
Event: 21.339 Thread 0x000002057da338a0 5950       3       org.springframework.util.ReflectionUtils::makeAccessible (36 bytes)
Event: 21.340 Thread 0x000002057da338a0 nmethod 5950 0x00000205000bab90 code [0x00000205000badc0, 0x00000205000bb598]
Event: 21.349 Thread 0x000002057da338a0 5951       3       java.util.concurrent.ConcurrentLinkedDeque::linkFirst (114 bytes)
Event: 21.351 Thread 0x000002057da338a0 nmethod 5951 0x0000020500399310 code [0x00000205003997c0, 0x000002050039bc38]
Event: 21.351 Thread 0x000002057da338a0 5952       3       java.util.concurrent.ConcurrentLinkedDeque::newNode (18 bytes)
Event: 21.351 Thread 0x000002057da338a0 nmethod 5952 0x00000205000b9b10 code [0x00000205000b9d60, 0x00000205000ba5f8]
Event: 21.366 Thread 0x000002057da338a0 5954       3       java.util.stream.Collectors::collectingAndThen (95 bytes)
Event: 21.367 Thread 0x000002057da338a0 nmethod 5954 0x0000020500102890 code [0x0000020500102b40, 0x00000205001039b0]
Event: 21.367 Thread 0x000002057da338a0 5955       3       java.util.RegularEnumSet::remove (74 bytes)
Event: 21.367 Thread 0x000002057da338a0 nmethod 5955 0x0000020500102110 code [0x00000205001022e0, 0x0000020500102700]
Event: 21.367 Thread 0x000002057da338a0 5956       3       sun.reflect.generics.reflectiveObjects.WildcardTypeImpl::getLowerBounds (34 bytes)
Event: 21.367 Thread 0x000002057da338a0 nmethod 5956 0x0000020500502b90 code [0x0000020500502d80, 0x00000205005033e8]
Event: 21.367 Thread 0x000002057da338a0 5957       3       sun.reflect.generics.reflectiveObjects.WildcardTypeImpl::getUpperBounds (34 bytes)
Event: 21.367 Thread 0x000002057da338a0 nmethod 5957 0x0000020500502210 code [0x0000020500502400, 0x0000020500502a68]
Event: 21.377 Thread 0x000002057da338a0 5958       3       org.springframework.util.ReflectionUtils::isHashCodeMethod (30 bytes)
Event: 21.377 Thread 0x000002057da338a0 nmethod 5958 0x0000020500501c90 code [0x0000020500501e60, 0x00000205005020e0]

GC Heap History (20 events):
Event: 2.751 GC heap before
{Heap before GC invocations=3 (full 0):
 garbage-first heap   total 61440K, used 25575K [0x00000000c4000000, 0x0000000100000000)
  region size 1024K, 16 young (16384K), 3 survivors (3072K)
 Metaspace       used 21181K, committed 21504K, reserved 1114112K
  class space    used 2664K, committed 2816K, reserved 1048576K
}
Event: 2.756 GC heap after
{Heap after GC invocations=4 (full 0):
 garbage-first heap   total 61440K, used 14504K [0x00000000c4000000, 0x0000000100000000)
  region size 1024K, 2 young (2048K), 2 survivors (2048K)
 Metaspace       used 21181K, committed 21504K, reserved 1114112K
  class space    used 2664K, committed 2816K, reserved 1048576K
}
Event: 3.854 GC heap before
{Heap before GC invocations=5 (full 0):
 garbage-first heap   total 55296K, used 45224K [0x00000000c4000000, 0x0000000100000000)
  region size 1024K, 32 young (32768K), 2 survivors (2048K)
 Metaspace       used 25171K, committed 25536K, reserved 1114112K
  class space    used 3153K, committed 3328K, reserved 1048576K
}
Event: 3.860 GC heap after
{Heap after GC invocations=6 (full 0):
 garbage-first heap   total 55296K, used 17613K [0x00000000c4000000, 0x0000000100000000)
  region size 1024K, 4 young (4096K), 4 survivors (4096K)
 Metaspace       used 25171K, committed 25536K, reserved 1114112K
  class space    used 3153K, committed 3328K, reserved 1048576K
}
Event: 5.025 GC heap before
{Heap before GC invocations=6 (full 0):
 garbage-first heap   total 55296K, used 44237K [0x00000000c4000000, 0x0000000100000000)
  region size 1024K, 30 young (30720K), 4 survivors (4096K)
 Metaspace       used 29372K, committed 29888K, reserved 1114112K
  class space    used 3721K, committed 3968K, reserved 1048576K
}
Event: 5.033 GC heap after
{Heap after GC invocations=7 (full 0):
 garbage-first heap   total 55296K, used 19916K [0x00000000c4000000, 0x0000000100000000)
  region size 1024K, 3 young (3072K), 3 survivors (3072K)
 Metaspace       used 29372K, committed 29888K, reserved 1114112K
  class space    used 3721K, committed 3968K, reserved 1048576K
}
Event: 6.052 GC heap before
{Heap before GC invocations=7 (full 0):
 garbage-first heap   total 55296K, used 44492K [0x00000000c4000000, 0x0000000100000000)
  region size 1024K, 28 young (28672K), 3 survivors (3072K)
 Metaspace       used 34275K, committed 34752K, reserved 1114112K
  class space    used 4362K, committed 4544K, reserved 1048576K
}
Event: 6.058 GC heap after
{Heap after GC invocations=8 (full 0):
 garbage-first heap   total 55296K, used 22707K [0x00000000c4000000, 0x0000000100000000)
  region size 1024K, 3 young (3072K), 3 survivors (3072K)
 Metaspace       used 34275K, committed 34752K, reserved 1114112K
  class space    used 4362K, committed 4544K, reserved 1048576K
}
Event: 6.255 GC heap before
{Heap before GC invocations=8 (full 0):
 garbage-first heap   total 55296K, used 27827K [0x00000000c4000000, 0x0000000100000000)
  region size 1024K, 9 young (9216K), 3 survivors (3072K)
 Metaspace       used 35443K, committed 35968K, reserved 1114112K
  class space    used 4503K, committed 4736K, reserved 1048576K
}
Event: 6.260 GC heap after
{Heap after GC invocations=9 (full 0):
 garbage-first heap   total 55296K, used 23207K [0x00000000c4000000, 0x0000000100000000)
  region size 1024K, 1 young (1024K), 1 survivors (1024K)
 Metaspace       used 35443K, committed 35968K, reserved 1114112K
  class space    used 4503K, committed 4736K, reserved 1048576K
}
Event: 7.220 GC heap before
{Heap before GC invocations=10 (full 0):
 garbage-first heap   total 55296K, used 45735K [0x00000000c4000000, 0x0000000100000000)
  region size 1024K, 24 young (24576K), 1 survivors (1024K)
 Metaspace       used 41725K, committed 42304K, reserved 1114112K
  class space    used 5503K, committed 5760K, reserved 1048576K
}
Event: 7.223 GC heap after
{Heap after GC invocations=11 (full 0):
 garbage-first heap   total 55296K, used 24521K [0x00000000c4000000, 0x0000000100000000)
  region size 1024K, 2 young (2048K), 2 survivors (2048K)
 Metaspace       used 41725K, committed 42304K, reserved 1114112K
  class space    used 5503K, committed 5760K, reserved 1048576K
}
Event: 8.431 GC heap before
{Heap before GC invocations=11 (full 0):
 garbage-first heap   total 55296K, used 48073K [0x00000000c4000000, 0x0000000100000000)
  region size 1024K, 25 young (25600K), 2 survivors (2048K)
 Metaspace       used 51827K, committed 52352K, reserved 1114112K
  class space    used 6689K, committed 6912K, reserved 1048576K
}
Event: 8.436 GC heap after
{Heap after GC invocations=12 (full 0):
 garbage-first heap   total 55296K, used 26526K [0x00000000c4000000, 0x0000000100000000)
  region size 1024K, 4 young (4096K), 4 survivors (4096K)
 Metaspace       used 51827K, committed 52352K, reserved 1114112K
  class space    used 6689K, committed 6912K, reserved 1048576K
}
Event: 11.990 GC heap before
{Heap before GC invocations=12 (full 0):
 garbage-first heap   total 55296K, used 45982K [0x00000000c4000000, 0x0000000100000000)
  region size 1024K, 24 young (24576K), 4 survivors (4096K)
 Metaspace       used 56672K, committed 57216K, reserved 1114112K
  class space    used 7240K, committed 7488K, reserved 1048576K
}
Event: 11.994 GC heap after
{Heap after GC invocations=13 (full 0):
 garbage-first heap   total 55296K, used 28080K [0x00000000c4000000, 0x0000000100000000)
  region size 1024K, 2 young (2048K), 2 survivors (2048K)
 Metaspace       used 56672K, committed 57216K, reserved 1114112K
  class space    used 7240K, committed 7488K, reserved 1048576K
}
Event: 12.204 GC heap before
{Heap before GC invocations=13 (full 0):
 garbage-first heap   total 55296K, used 34224K [0x00000000c4000000, 0x0000000100000000)
  region size 1024K, 10 young (10240K), 2 survivors (2048K)
 Metaspace       used 59756K, committed 60288K, reserved 1114112K
  class space    used 7802K, committed 8064K, reserved 1048576K
}
Event: 12.207 GC heap after
{Heap after GC invocations=14 (full 0):
 garbage-first heap   total 55296K, used 28261K [0x00000000c4000000, 0x0000000100000000)
  region size 1024K, 2 young (2048K), 2 survivors (2048K)
 Metaspace       used 59756K, committed 60288K, reserved 1114112K
  class space    used 7802K, committed 8064K, reserved 1048576K
}
Event: 14.167 GC heap before
{Heap before GC invocations=15 (full 0):
 garbage-first heap   total 55296K, used 47717K [0x00000000c4000000, 0x0000000100000000)
  region size 1024K, 22 young (22528K), 2 survivors (2048K)
 Metaspace       used 64572K, committed 65216K, reserved 1114112K
  class space    used 8607K, committed 8896K, reserved 1048576K
}
Event: 14.169 GC heap after
{Heap after GC invocations=16 (full 0):
 garbage-first heap   total 55296K, used 29114K [0x00000000c4000000, 0x0000000100000000)
  region size 1024K, 3 young (3072K), 3 survivors (3072K)
 Metaspace       used 64572K, committed 65216K, reserved 1114112K
  class space    used 8607K, committed 8896K, reserved 1048576K
}

Dll operation events (12 events):
Event: 0.014 Loaded shared library C:\Program Files\Java\jdk-21\bin\java.dll
Event: 0.048 Loaded shared library C:\Program Files\Java\jdk-21\bin\jsvml.dll
Event: 0.134 Loaded shared library C:\Program Files\Java\jdk-21\bin\zip.dll
Event: 0.139 Loaded shared library C:\Program Files\Java\jdk-21\bin\instrument.dll
Event: 0.145 Loaded shared library C:\Program Files\Java\jdk-21\bin\net.dll
Event: 0.147 Loaded shared library C:\Program Files\Java\jdk-21\bin\nio.dll
Event: 0.149 Loaded shared library C:\Program Files\Java\jdk-21\bin\zip.dll
Event: 0.266 Loaded shared library C:\Program Files\Java\jdk-21\bin\extnet.dll
Event: 0.309 Loaded shared library C:\Program Files\Java\jdk-21\bin\jimage.dll
Event: 0.620 Loaded shared library C:\Program Files\Java\jdk-21\bin\management.dll
Event: 0.628 Loaded shared library C:\Program Files\Java\jdk-21\bin\management_ext.dll
Event: 2.855 Loaded shared library C:\Program Files\Java\jdk-21\bin\sunmscapi.dll

Deoptimization events (20 events):
Event: 14.121 Thread 0x000002057e3a9f30 DEOPT PACKING pc=0x0000020507dd0b90 sp=0x00000027b72f91c0
Event: 14.121 Thread 0x000002057e3a9f30 DEOPT UNPACKING pc=0x0000020507587da2 sp=0x00000027b72f9140 mode 2
Event: 14.161 Thread 0x000002057e3a9f30 DEOPT PACKING pc=0x00000205009a95cc sp=0x00000027b72f84b0
Event: 14.161 Thread 0x000002057e3a9f30 DEOPT UNPACKING pc=0x00000205075888e2 sp=0x00000027b72f7970 mode 0
Event: 14.203 Thread 0x000002057e3a9f30 Uncommon trap: trap_request=0xffffff45 fr.pc=0x0000020507d31e3c relative=0x0000000000001d7c
Event: 14.203 Thread 0x000002057e3a9f30 Uncommon trap: reason=unstable_if action=reinterpret pc=0x0000020507d31e3c method=org.springframework.core.annotation.AnnotationsScanner.processClassInheritedAnnotations(Ljava/lang/Object;Ljava/lang/Class;Lorg/springframework/core/annotation/AnnotationsPr
Event: 14.203 Thread 0x000002057e3a9f30 DEOPT PACKING pc=0x0000020507d31e3c sp=0x00000027b72fa230
Event: 14.203 Thread 0x000002057e3a9f30 DEOPT UNPACKING pc=0x0000020507587da2 sp=0x00000027b72f9fb8 mode 2
Event: 14.205 Thread 0x000002057e3a9f30 Uncommon trap: trap_request=0xffffff45 fr.pc=0x0000020507d0b984 relative=0x00000000000001e4
Event: 14.205 Thread 0x000002057e3a9f30 Uncommon trap: reason=unstable_if action=reinterpret pc=0x0000020507d0b984 method=java.util.ArrayDeque.addLast(Ljava/lang/Object;)V @ 42 c2
Event: 14.205 Thread 0x000002057e3a9f30 DEOPT PACKING pc=0x0000020507d0b984 sp=0x00000027b72fb290
Event: 14.205 Thread 0x000002057e3a9f30 DEOPT UNPACKING pc=0x0000020507587da2 sp=0x00000027b72fb240 mode 2
Event: 15.246 Thread 0x000002057e3a9f30 Uncommon trap: trap_request=0xfffffff4 fr.pc=0x0000020507c2d638 relative=0x0000000000001df8
Event: 15.246 Thread 0x000002057e3a9f30 Uncommon trap: reason=null_check action=make_not_entrant pc=0x0000020507c2d638 method=java.lang.Class.getMethodsRecursive(Ljava/lang/String;[Ljava/lang/Class;Z)Ljava/lang/PublicMethods$MethodList; @ 26 c2
Event: 15.246 Thread 0x000002057e3a9f30 DEOPT PACKING pc=0x0000020507c2d638 sp=0x00000027b72fb300
Event: 15.246 Thread 0x000002057e3a9f30 DEOPT UNPACKING pc=0x0000020507587da2 sp=0x00000027b72fb2e8 mode 2
Event: 21.339 Thread 0x000002057e3a9f30 Uncommon trap: trap_request=0xfffffff4 fr.pc=0x0000020507dfd5f4 relative=0x0000000000000334
Event: 21.339 Thread 0x000002057e3a9f30 Uncommon trap: reason=null_check action=make_not_entrant pc=0x0000020507dfd5f4 method=sun.invoke.util.VerifyType.isNullConversion(Ljava/lang/Class;Ljava/lang/Class;Z)Z @ 67 c2
Event: 21.339 Thread 0x000002057e3a9f30 DEOPT PACKING pc=0x0000020507dfd5f4 sp=0x00000027b72fb1d0
Event: 21.339 Thread 0x000002057e3a9f30 DEOPT UNPACKING pc=0x0000020507587da2 sp=0x00000027b72fb150 mode 2

Classes loaded (20 events):
Event: 11.783 Loading class java/util/WeakHashMap$EntrySet
Event: 11.784 Loading class java/util/WeakHashMap$EntrySet done
Event: 11.784 Loading class java/util/WeakHashMap$EntryIterator
Event: 11.784 Loading class java/util/WeakHashMap$HashIterator
Event: 11.784 Loading class java/util/WeakHashMap$HashIterator done
Event: 11.784 Loading class java/util/WeakHashMap$EntryIterator done
Event: 11.874 Loading class java/util/concurrent/CancellationException
Event: 11.874 Loading class java/util/concurrent/CancellationException done
Event: 12.170 Loading class java/util/ArrayList$ListItr
Event: 12.170 Loading class java/util/ArrayList$ListItr done
Event: 12.221 Loading class java/util/AbstractList$SubList
Event: 12.222 Loading class java/util/AbstractList$SubList done
Event: 12.456 Loading class java/lang/foreign/ValueLayout
Event: 12.461 Loading class java/lang/foreign/MemoryLayout
Event: 12.467 Loading class java/lang/foreign/MemoryLayout done
Event: 12.467 Loading class java/lang/foreign/ValueLayout done
Event: 14.198 Loading class javax/naming/Reference
Event: 14.198 Loading class javax/naming/Reference done
Event: 14.204 Loading class sun/reflect/generics/reflectiveObjects/GenericArrayTypeImpl
Event: 14.204 Loading class sun/reflect/generics/reflectiveObjects/GenericArrayTypeImpl done

Classes unloaded (0 events):
No events

Classes redefined (0 events):
No events

Internal exceptions (20 events):
Event: 8.204 Thread 0x000002057e3a9f30 Exception <a 'java/lang/NoSuchMethodError'{0x00000000c66b1848}: 'int java.lang.invoke.Invokers$Holder.invokeExact_MT(java.lang.Object, java.lang.Object)'> (0x00000000c66b1848) 
thrown [s\open\src\hotspot\share\interpreter\linkResolver.cpp, line 773]
Event: 11.889 Thread 0x000002057e3a9f30 Exception <a 'java/lang/IncompatibleClassChangeError'{0x00000000c66fcd98}: Found class java.lang.Object, but interface was expected> (0x00000000c66fcd98) 
thrown [s\open\src\hotspot\share\interpreter\linkResolver.cpp, line 840]
Event: 11.912 Thread 0x000002057e3a9f30 Exception <a 'java/lang/NoSuchMethodError'{0x00000000c65b6bf8}: 'java.lang.Object java.lang.invoke.DirectMethodHandle$Holder.invokeStatic(java.lang.Object, java.lang.Object, int, java.lang.Object)'> (0x00000000c65b6bf8) 
thrown [s\open\src\hotspot\share\interpreter\linkResolver.cpp, line 773]
Event: 11.912 Thread 0x000002057e3a9f30 Exception <a 'java/lang/NoSuchMethodError'{0x00000000c65bac10}: 'java.lang.Object java.lang.invoke.DirectMethodHandle$Holder.invokeStaticInit(java.lang.Object, java.lang.Object, int, java.lang.Object)'> (0x00000000c65bac10) 
thrown [s\open\src\hotspot\share\interpreter\linkResolver.cpp, line 773]
Event: 12.871 Thread 0x000002057e3a9f30 Exception <a 'java/lang/NoSuchMethodError'{0x00000000c692aff0}: 'void java.lang.invoke.DirectMethodHandle$Holder.invokeInterface(java.lang.Object, java.lang.Object, int, java.lang.Object)'> (0x00000000c692aff0) 
thrown [s\open\src\hotspot\share\interpreter\linkResolver.cpp, line 773]
Event: 12.872 Thread 0x000002057e3a9f30 Exception <a 'java/lang/NoSuchMethodError'{0x00000000c694dee0}: 'java.lang.Object java.lang.invoke.DirectMethodHandle$Holder.newInvokeSpecial(java.lang.Object, java.lang.Object, int, java.lang.Object)'> (0x00000000c694dee0) 
thrown [s\open\src\hotspot\share\interpreter\linkResolver.cpp, line 773]
Event: 12.872 Thread 0x000002057e3a9f30 Exception <a 'java/lang/NoSuchMethodError'{0x00000000c6952020}: 'java.lang.Object java.lang.invoke.Invokers$Holder.linkToTargetMethod(java.lang.Object, int, java.lang.Object, java.lang.Object)'> (0x00000000c6952020) 
thrown [s\open\src\hotspot\share\interpreter\linkResolver.cpp, line 773]
Event: 12.887 Thread 0x000002057e3a9f30 Exception <a 'java/lang/NoSuchMethodError'{0x00000000c68195a8}: 'void java.lang.invoke.DirectMethodHandle$Holder.invokeSpecial(java.lang.Object, java.lang.Object, java.lang.Object, java.lang.Object, java.lang.Object, java.lang.Object, java.lang.Object, java.lang.Object)'> (0x00000000c68195a8) 
thrown [s\open\src\hotspot\share\interpreter\linkResolver.cpp, line 773]
Event: 12.893 Thread 0x000002057e3a9f30 Exception <a 'java/lang/NoSuchMethodError'{0x00000000c6851398}: 'void java.lang.invoke.DirectMethodHandle$Holder.invokeSpecial(java.lang.Object, java.lang.Object, int, java.lang.Object)'> (0x00000000c6851398) 
thrown [s\open\src\hotspot\share\interpreter\linkResolver.cpp, line 773]
Event: 12.894 Thread 0x000002057e3a9f30 Exception <a 'java/lang/NoSuchMethodError'{0x00000000c6857ef0}: 'java.lang.Object java.lang.invoke.DirectMethodHandle$Holder.newInvokeSpecial(java.lang.Object, java.lang.Object, int)'> (0x00000000c6857ef0) 
thrown [s\open\src\hotspot\share\interpreter\linkResolver.cpp, line 773]
Event: 12.913 Thread 0x000002057e3a9f30 Exception <a 'java/lang/NoSuchMethodError'{0x00000000c67a6ae8}: 'int java.lang.invoke.DirectMethodHandle$Holder.invokeStatic(java.lang.Object, int, java.lang.Object)'> (0x00000000c67a6ae8) 
thrown [s\open\src\hotspot\share\interpreter\linkResolver.cpp, line 773]
Event: 12.914 Thread 0x000002057e3a9f30 Exception <a 'java/lang/NoSuchMethodError'{0x00000000c67c3bf8}: 'java.lang.Object java.lang.invoke.DirectMethodHandle$Holder.newInvokeSpecial(java.lang.Object, java.lang.Object, java.lang.Object, java.lang.Object, java.lang.Object, int, java.lang.Object)'> (0x00000000c67c3bf8) 
thrown [s\open\src\hotspot\share\interpreter\linkResolver.cpp, line 773]
Event: 12.918 Thread 0x000002057e3a9f30 Exception <a 'java/lang/NoSuchMethodError'{0x00000000c67f41e8}: 'java.lang.Object java.lang.invoke.Invokers$Holder.linkToTargetMethod(java.lang.Object, java.lang.Object, java.lang.Object, java.lang.Object, java.lang.Object, java.lang.Object, java.lang.Object, java.lang.Object, java.lang.Object, java.lang.Object, java.lang.Object, java.lang.Object)'> (0x00000000c67f41e8) 
thrown [s\open\src\hotspot\share\interpreter\linkResolver.cpp, line 773]
Event: 12.941 Thread 0x000002057e3a9f30 Exception <a 'java/lang/IncompatibleClassChangeError'{0x00000000c65654a0}: Found class java.lang.Object, but interface was expected> (0x00000000c65654a0) 
thrown [s\open\src\hotspot\share\interpreter\linkResolver.cpp, line 840]
Event: 12.968 Thread 0x000002057e3a9f30 Exception <a 'java/lang/NoSuchMethodError'{0x00000000c64d4400}: 'java.lang.Object java.lang.invoke.DirectMethodHandle$Holder.newInvokeSpecial(java.lang.Object, java.lang.Object, int, java.lang.Object, int, java.lang.Object, java.lang.Object)'> (0x00000000c64d4400) 
thrown [s\open\src\hotspot\share\interpreter\linkResolver.cpp, line 773]
Event: 14.171 Thread 0x000002057e3a9f30 Exception <a 'java/lang/NoSuchMethodError'{0x00000000c7b1bc60}: 'java.lang.Object java.lang.invoke.DirectMethodHandle$Holder.invokeSpecial(java.lang.Object, java.lang.Object, int, java.lang.Object, int)'> (0x00000000c7b1bc60) 
thrown [s\open\src\hotspot\share\interpreter\linkResolver.cpp, line 773]
Event: 15.246 Thread 0x000002057e3a9f30 Implicit null exception at 0x0000020507c2bb48 to 0x0000020507c2d61c
Event: 15.253 Thread 0x000002057e3a9f30 Exception <a 'java/lang/IncompatibleClassChangeError'{0x00000000c712fa68}: Found class java.lang.Object, but interface was expected> (0x00000000c712fa68) 
thrown [s\open\src\hotspot\share\interpreter\linkResolver.cpp, line 840]
Event: 21.339 Thread 0x000002057e3a9f30 Implicit null exception at 0x0000020507dfd377 to 0x0000020507dfd5e0
Event: 21.362 Thread 0x000002057e3a9f30 Exception <a 'java/lang/IncompatibleClassChangeError'{0x00000000c70c0b68}: Found class java.lang.Object, but interface was expected> (0x00000000c70c0b68) 
thrown [s\open\src\hotspot\share\interpreter\linkResolver.cpp, line 840]

ZGC Phase Switch (0 events):
No events

VM Operations (20 events):
Event: 12.204 Executing VM operation: CollectForMetadataAllocation (Metadata GC Threshold)
Event: 12.207 Executing VM operation: CollectForMetadataAllocation (Metadata GC Threshold) done
Event: 12.233 Executing VM operation: G1PauseRemark
Event: 12.238 Executing VM operation: G1PauseRemark done
Event: 12.249 Executing VM operation: G1PauseCleanup
Event: 12.249 Executing VM operation: G1PauseCleanup done
Event: 13.252 Executing VM operation: Cleanup
Event: 13.991 Executing VM operation: Cleanup done
Event: 14.112 Executing VM operation: HandshakeAllThreads (Deoptimize)
Event: 14.112 Executing VM operation: HandshakeAllThreads (Deoptimize) done
Event: 14.167 Executing VM operation: G1CollectForAllocation (G1 Evacuation Pause)
Event: 14.169 Executing VM operation: G1CollectForAllocation (G1 Evacuation Pause) done
Event: 15.181 Executing VM operation: Cleanup
Event: 15.231 Executing VM operation: Cleanup done
Event: 16.245 Executing VM operation: Cleanup
Event: 16.277 Executing VM operation: Cleanup done
Event: 22.330 Executing VM operation: Cleanup
Event: 22.414 Executing VM operation: Cleanup done
Event: 23.416 Executing VM operation: Cleanup
Event: 23.416 Executing VM operation: Cleanup done

Events (20 events):
Event: 12.236 Thread 0x000002057d9fb580 flushing nmethod 0x0000020500544e90
Event: 12.236 Thread 0x000002057d9fb580 flushing nmethod 0x000002050054ab90
Event: 12.236 Thread 0x000002057d9fb580 flushing nmethod 0x0000020500569610
Event: 12.236 Thread 0x000002057d9fb580 flushing nmethod 0x0000020500569a90
Event: 12.236 Thread 0x000002057d9fb580 flushing nmethod 0x00000205005cd590
Event: 12.236 Thread 0x000002057d9fb580 flushing nmethod 0x0000020500630f10
Event: 12.236 Thread 0x000002057d9fb580 flushing nmethod 0x000002050066c290
Event: 12.236 Thread 0x000002057d9fb580 flushing nmethod 0x000002050066cb90
Event: 12.236 Thread 0x000002057d9fb580 flushing nmethod 0x000002050066d410
Event: 12.236 Thread 0x000002057d9fb580 flushing nmethod 0x0000020500675c90
Event: 12.236 Thread 0x000002057d9fb580 flushing nmethod 0x0000020500676690
Event: 12.236 Thread 0x000002057d9fb580 flushing nmethod 0x00000205006ce410
Event: 12.236 Thread 0x000002057d9fb580 flushing nmethod 0x00000205007bc510
Event: 12.236 Thread 0x000002057d9fb580 flushing nmethod 0x0000020500831190
Event: 12.236 Thread 0x000002057d9fb580 flushing nmethod 0x0000020500834e90
Event: 12.236 Thread 0x000002057d9fb580 flushing nmethod 0x00000205008c1590
Event: 12.236 Thread 0x000002057d9fb580 flushing nmethod 0x00000205008c1890
Event: 12.236 Thread 0x000002057d9fb580 flushing nmethod 0x00000205008d7b90
Event: 12.740 Thread 0x000002057dd37b80 Thread exited: 0x000002057dd37b80
Event: 13.992 Thread 0x0000020554b2e590 Thread exited: 0x0000020554b2e590


Dynamic libraries:
0x00007ff6ae8c0000 - 0x00007ff6ae8d0000 	C:\Program Files\Java\jdk-21\bin\java.exe
0x00007ffd3d020000 - 0x00007ffd3d286000 	C:\WINDOWS\SYSTEM32\ntdll.dll
0x00007ffd3b0e0000 - 0x00007ffd3b1a9000 	C:\WINDOWS\System32\KERNEL32.DLL
0x00007ffd3a3b0000 - 0x00007ffd3a7b0000 	C:\WINDOWS\System32\KERNELBASE.dll
0x00007ffd3a7f0000 - 0x00007ffd3a93c000 	C:\WINDOWS\System32\ucrtbase.dll
0x00007ffd35ea0000 - 0x00007ffd35eb9000 	C:\Program Files\Java\jdk-21\bin\jli.dll
0x00007ffd39930000 - 0x00007ffd3994b000 	C:\Program Files\Java\jdk-21\bin\VCRUNTIME140.dll
0x00007ffd3b1b0000 - 0x00007ffd3b267000 	C:\WINDOWS\System32\ADVAPI32.dll
0x00007ffd3b270000 - 0x00007ffd3b319000 	C:\WINDOWS\System32\msvcrt.dll
0x00007ffd3ba40000 - 0x00007ffd3baea000 	C:\WINDOWS\System32\sechost.dll
0x00007ffd3ccd0000 - 0x00007ffd3cde8000 	C:\WINDOWS\System32\RPCRT4.dll
0x00007ffd3b7e0000 - 0x00007ffd3b9a7000 	C:\WINDOWS\System32\USER32.dll
0x00007ffd39620000 - 0x00007ffd398b2000 	C:\WINDOWS\WinSxS\amd64_microsoft.windows.common-controls_6595b64144ccf1df_6.0.26100.8737_none_3e092eaee333b772\COMCTL32.dll
0x00007ffd3a7c0000 - 0x00007ffd3a7e7000 	C:\WINDOWS\System32\win32u.dll
0x00007ffd3be90000 - 0x00007ffd3bebb000 	C:\WINDOWS\System32\GDI32.dll
0x00007ffd3aad0000 - 0x00007ffd3abf9000 	C:\WINDOWS\System32\gdi32full.dll
0x00007ffd3a300000 - 0x00007ffd3a3a3000 	C:\WINDOWS\System32\msvcp_win.dll
0x00007ffd37670000 - 0x00007ffd3767b000 	C:\WINDOWS\SYSTEM32\VERSION.dll
0x00007ffd3b500000 - 0x00007ffd3b532000 	C:\WINDOWS\System32\IMM32.DLL
0x00007ffd39920000 - 0x00007ffd3992c000 	C:\Program Files\Java\jdk-21\bin\vcruntime140_1.dll
0x00007ffd32ea0000 - 0x00007ffd32f2e000 	C:\Program Files\Java\jdk-21\bin\msvcp140.dll
0x00007ffc73a00000 - 0x00007ffc7471d000 	C:\Program Files\Java\jdk-21\bin\server\jvm.dll
0x00007ffd3b9b0000 - 0x00007ffd3ba30000 	C:\WINDOWS\System32\WS2_32.dll
0x00007ffd3a0a0000 - 0x00007ffd3a0fe000 	C:\WINDOWS\SYSTEM32\POWRPROF.dll
0x00007ffd38ce0000 - 0x00007ffd38d16000 	C:\WINDOWS\SYSTEM32\WINMM.dll
0x00007ffd3a080000 - 0x00007ffd3a094000 	C:\WINDOWS\SYSTEM32\UMPDC.dll
0x00007ffd38870000 - 0x00007ffd3888b000 	C:\WINDOWS\SYSTEM32\kernel.appcore.dll
0x00007ffd32e90000 - 0x00007ffd32e9a000 	C:\Program Files\Java\jdk-21\bin\jimage.dll
0x00007ffd399d0000 - 0x00007ffd39c12000 	C:\WINDOWS\SYSTEM32\DBGHELP.DLL
0x00007ffd3ad50000 - 0x00007ffd3b0d3000 	C:\WINDOWS\System32\combase.dll
0x00007ffd3b700000 - 0x00007ffd3b7d9000 	C:\WINDOWS\System32\OLEAUT32.dll
0x00007ffd398c0000 - 0x00007ffd398fb000 	C:\WINDOWS\SYSTEM32\dbgcore.DLL
0x00007ffd3a240000 - 0x00007ffd3a2ec000 	C:\WINDOWS\System32\bcryptPrimitives.dll
0x00007ffd32e20000 - 0x00007ffd32e2f000 	C:\Program Files\Java\jdk-21\bin\instrument.dll
0x00007ffd32e70000 - 0x00007ffd32e8f000 	C:\Program Files\Java\jdk-21\bin\java.dll
0x00007ffd3bec0000 - 0x00007ffd3c652000 	C:\WINDOWS\System32\SHELL32.dll
0x00007ffd36cd0000 - 0x00007ffd37562000 	C:\WINDOWS\SYSTEM32\windows.storage.dll
0x00007ffd3bc90000 - 0x00007ffd3bd87000 	C:\WINDOWS\System32\SHCORE.dll
0x00007ffd3caf0000 - 0x00007ffd3cb57000 	C:\WINDOWS\System32\shlwapi.dll
0x00007ffd3a160000 - 0x00007ffd3a189000 	C:\WINDOWS\SYSTEM32\profapi.dll
0x00007ffcf60c0000 - 0x00007ffcf6197000 	C:\Program Files\Java\jdk-21\bin\jsvml.dll
0x00007ffd1af70000 - 0x00007ffd1af88000 	C:\Program Files\Java\jdk-21\bin\zip.dll
0x00007ffd32e60000 - 0x00007ffd32e70000 	C:\Program Files\Java\jdk-21\bin\net.dll
0x00007ffd2b8d0000 - 0x00007ffd2b9f9000 	C:\WINDOWS\SYSTEM32\WINHTTP.dll
0x00007ffd384b0000 - 0x00007ffd3851c000 	C:\WINDOWS\system32\mswsock.dll
0x00007ffd27d70000 - 0x00007ffd27d86000 	C:\Program Files\Java\jdk-21\bin\nio.dll
0x00007ffd27ed0000 - 0x00007ffd27ed9000 	C:\Program Files\Java\jdk-21\bin\extnet.dll
0x00007ffd270d0000 - 0x00007ffd270da000 	C:\Program Files\Java\jdk-21\bin\management.dll
0x00007ffd19970000 - 0x00007ffd1997b000 	C:\Program Files\Java\jdk-21\bin\management_ext.dll
0x00007ffd3cdf0000 - 0x00007ffd3cdf8000 	C:\WINDOWS\System32\PSAPI.DLL
0x00007ffd32dd0000 - 0x00007ffd32dde000 	C:\Program Files\Java\jdk-21\bin\sunmscapi.dll
0x00007ffd3a950000 - 0x00007ffd3aac8000 	C:\WINDOWS\System32\CRYPT32.dll
0x00007ffd392d0000 - 0x00007ffd39300000 	C:\WINDOWS\SYSTEM32\ncrypt.dll
0x00007ffd39240000 - 0x00007ffd3927f000 	C:\WINDOWS\SYSTEM32\NTASN1.dll
0x00007ffd39d40000 - 0x00007ffd39d5b000 	C:\WINDOWS\SYSTEM32\CRYPTSP.dll
0x00007ffd37ec0000 - 0x00007ffd37ef9000 	C:\WINDOWS\system32\rsaenh.dll
0x00007ffd38570000 - 0x00007ffd385a2000 	C:\WINDOWS\SYSTEM32\USERENV.dll
0x00007ffd3a130000 - 0x00007ffd3a15a000 	C:\WINDOWS\SYSTEM32\bcrypt.dll
0x00007ffd387b0000 - 0x00007ffd387bc000 	C:\WINDOWS\SYSTEM32\CRYPTBASE.dll
0x00007ffd37910000 - 0x00007ffd37943000 	C:\WINDOWS\SYSTEM32\IPHLPAPI.DLL
0x00007ffd3b330000 - 0x00007ffd3b33a000 	C:\WINDOWS\System32\NSI.dll
0x00007ffd379a0000 - 0x00007ffd37af5000 	C:\WINDOWS\SYSTEM32\DNSAPI.dll
0x00007ffd38290000 - 0x00007ffd3829d000 	C:\WINDOWS\SYSTEM32\DSPARSE.dll
0x00007ffd38a90000 - 0x00007ffd38a9b000 	C:\Windows\System32\rasadhlp.dll
0x00007ffd2f940000 - 0x00007ffd2f9c6000 	C:\WINDOWS\System32\fwpuclnt.dll

dbghelp: loaded successfully - version: 4.0.5 - missing functions: none
symbol engine: initialized successfully - sym options: 0x614 - pdb path: .;C:\Program Files\Java\jdk-21\bin;C:\WINDOWS\SYSTEM32;C:\WINDOWS\WinSxS\amd64_microsoft.windows.common-controls_6595b64144ccf1df_6.0.26100.8737_none_3e092eaee333b772;C:\Program Files\Java\jdk-21\bin\server

VM Arguments:
jvm_args: -javaagent:C:\Program Files\JetBrains\IntelliJ IDEA Community Edition 2025.2.6.1\lib\idea_rt.jar=49191 -Dfile.encoding=UTF-8 -Dsun.stdout.encoding=UTF-8 -Dsun.stderr.encoding=UTF-8 
java_command: com.jobportal.backend.BackendApplication
java_class_path (initial): C:\Project\backend\backend\target\classes;C:\Users\navad\.m2\repository\org\springframework\boot\spring-boot-starter-data-jpa\3.5.9\spring-boot-starter-data-jpa-3.5.9.jar;C:\Users\navad\.m2\repository\org\springframework\boot\spring-boot-starter\3.5.9\spring-boot-starter-3.5.9.jar;C:\Users\navad\.m2\repository\org\springframework\boot\spring-boot-starter-logging\3.5.9\spring-boot-starter-logging-3.5.9.jar;C:\Users\navad\.m2\repository\ch\qos\logback\logback-classic\1.5.22\logback-classic-1.5.22.jar;C:\Users\navad\.m2\repository\ch\qos\logback\logback-core\1.5.22\logback-core-1.5.22.jar;C:\Users\navad\.m2\repository\org\apache\logging\log4j\log4j-to-slf4j\2.24.3\log4j-to-slf4j-2.24.3.jar;C:\Users\navad\.m2\repository\org\apache\logging\log4j\log4j-api\2.24.3\log4j-api-2.24.3.jar;C:\Users\navad\.m2\repository\org\slf4j\jul-to-slf4j\2.0.17\jul-to-slf4j-2.0.17.jar;C:\Users\navad\.m2\repository\jakarta\annotation\jakarta.annotation-api\2.1.1\jakarta.annotation-api-2.1.1.jar;C:\Users\navad\.m2\repository\org\yaml\snakeyaml\2.4\snakeyaml-2.4.jar;C:\Users\navad\.m2\repository\org\springframework\boot\spring-boot-starter-jdbc\3.5.9\spring-boot-starter-jdbc-3.5.9.jar;C:\Users\navad\.m2\repository\com\zaxxer\HikariCP\6.3.3\HikariCP-6.3.3.jar;C:\Users\navad\.m2\repository\org\springframework\spring-jdbc\6.2.15\spring-jdbc-6.2.15.jar;C:\Users\navad\.m2\repository\org\hibernate\orm\hibernate-core\6.6.39.Final\hibernate-core-6.6.39.Final.jar;C:\Users\navad\.m2\repository\jakarta\persistence\jakarta.persistence-api\3.1.0\jakarta.persistence-api-3.1.0.jar;C:\Users\navad\.m2\repository\jakarta\transaction\jakarta.transaction-api\2.0.1\jakarta.transaction-api-2.0.1.jar;C:\Users\navad\.m2\repository\org\jboss\logging\jboss-logging\3.6.1.Final\jboss-logging-3.6.1.Final.jar;C:\Users\navad\.m2\repository\org\hibernate\common\hibernate-commons-annotations\7.0.3.Final\hibernate-commons-annotations-7.0.3.Final.jar;C:\Users\navad\.m2\repository\io\smallrye\jandex\3.2.0\jandex-3.2.0.jar;C:\Users\navad\.m2\repository\com\fasterxml\classmate\1.7.1\classmate-1.7.1.jar;C:\Users\navad\.m2\repository\net\bytebuddy\byte-buddy\1.17.8\byte-buddy-1.17.8.jar;C:\Users\navad\.m2\repository\org\glassfish\jaxb\jaxb-runtime\4.0.6\jaxb-runtime-4.0.6.jar;C:\Users\navad\.m2\repository\org\glassfish\jaxb\jaxb-core\4.0.6\jaxb-core-4.0.6.jar;C:\Users\navad\.m2\repository\org\eclipse\angus\angus-activation\2.0.3\angus-activation-2.0.3.jar;C:\Users\navad\.m2\repository\org\glassfish\jaxb\txw2\4.0.6\txw2-4.0.6.jar;C:\Users\navad\.m2\repository\com\sun\istack\istack-commons-runtime\4.1.2\istack-commons-runtime-4.1.2.jar;C:\Users\navad\.m2\repository\jakarta\inject\jakarta.inject-api\2.0.1\jakarta.inject-api-2.0.1.jar;C:\Users\navad\.m2\repository\org\antlr\antlr4-runtime\4.13.0\antlr4-runtime-4.13.0.jar;C:\Users\navad\.m2\repository\org\springframework\data\spring-data-jpa\3.5.7\spring-data-jpa-3.5.7.jar;C:\Users\navad\.m2\repository\org\springframework\data\spring-data-commons\3.5.7\spring-data-commons-3.5.7.jar;C:\Users\navad\.m2\repository\org\springframework\spring-orm\6.2.15\spring-orm-6.2.15.jar;C:\Users\navad\.m2\repository\org\springframework\spring-context\6.2.15\spring-context-6.2.15.jar;C:\Users\navad\.m2\repository\org\springframework\spring-tx\6.2.15\spring-tx-6.2.15.jar;C:\Users\navad\.m2\repository\org\springframework\spring-beans\6.2.15\spring-beans-6.2.15.jar;C:\Users\navad\.m2\repository\org\slf4j\slf4j-api\2.0.17\slf4j-api-2.0.17.jar;C:\Users\navad\.m2\repository\org\springframework\spring-aspects\6.2.15\spring-aspects-6.2.15.jar;C:\Users\navad\.m2\repository\org\aspectj\aspectjweaver\1.9.25.1\aspectjweaver-1.9.25.1.jar;C:\Users\navad\.m2\repository\org\springframework\boot\spring-boot-starter-web\3.5.9\spring-boot-starter-web-3.5.9.jar;C:\Users\navad\.m2\repository\org\springframework\boot\spring-boot-starter-json\3.5.9\spring-boot-starter-json-3.5.9.jar;C:\Users\navad\.m2\repository\com\fasterxml\jackson\datatype\jackson-datatype-jdk8\2.19.4\jackson-datatype-jdk8-2.19.4.jar;C:\Users\navad\.m2\repository\com\fasterxml\jackson\datatype\jackson-datatype-jsr310\2.19.4\jackson-datatype-jsr310-2.19.4.jar;C:\Users\navad\.m2\repository\com\fasterxml\jackson\module\jackson-module-parameter-names\2.19.4\jackson-module-parameter-names-2.19.4.jar;C:\Users\navad\.m2\repository\org\springframework\boot\spring-boot-starter-tomcat\3.5.9\spring-boot-starter-tomcat-3.5.9.jar;C:\Users\navad\.m2\repository\org\apache\tomcat\embed\tomcat-embed-core\10.1.50\tomcat-embed-core-10.1.50.jar;C:\Users\navad\.m2\repository\org\apache\tomcat\embed\tomcat-embed-websocket\10.1.50\tomcat-embed-websocket-10.1.50.jar;C:\Users\navad\.m2\repository\org\springframework\spring-web\6.2.15\spring-web-6.2.15.jar;C:\Users\navad\.m2\repository\io\micrometer\micrometer-observation\1.15.7\micrometer-observation-1.15.7.jar;C:\Users\navad\.m2\repository\io\micrometer\micrometer-commons\1.15.7\micrometer-commons-1.15.7.jar;C:\Users\navad\.m2\repository\org\springframework\spring-webmvc\6.2.15\spring-webmvc-6.2.15.jar;C:\Users\navad\.m2\repository\org\springframework\spring-expression\6.2.15\spring-expression-6.2.15.jar;C:\Users\navad\.m2\repository\org\springframework\boot\spring-boot-devtools\3.5.9\spring-boot-devtools-3.5.9.jar;C:\Users\navad\.m2\repository\org\springframework\boot\spring-boot\3.5.9\spring-boot-3.5.9.jar;C:\Users\navad\.m2\repository\org\springframework\boot\spring-boot-autoconfigure\3.5.9\spring-boot-autoconfigure-3.5.9.jar;C:\Users\navad\.m2\repository\com\mysql\mysql-connector-j\9.5.0\mysql-connector-j-9.5.0.jar;C:\Users\navad\.m2\repository\org\projectlombok\lombok\1.18.42\lombok-1.18.42.jar;C:\Users\navad\.m2\repository\jakarta\xml\bind\jakarta.xml.bind-api\4.0.4\jakarta.xml.bind-api-4.0.4.jar;C:\Users\navad\.m2\repository\jakarta\activation\jakarta.activation-api\2.1.4\jakarta.activation-api-2.1.4.jar;C:\Users\navad\.m2\repository\org\springframework\spring-core\6.2.15\spring-core-6.2.15.jar;C:\Users\navad\.m2\repository\org\springframework\spring-jcl\6.2.15\spring-jcl-6.2.15.jar;C:\Users\navad\.m2\repository\org\springframework\boot\spring-boot-starter-security\3.5.9\spring-boot-starter-security-3.5.9.jar;C:\Users\navad\.m2\repository\org\springframework\spring-aop\6.2.15\spring-aop-6.2.15.jar;C:\Users\navad\.m2\repository\org\springframework\security\spring-security-config\6.5.7\spring-security-config-6.5.7.jar;C:\Users\navad\.m2\repository\org\springframework\security\spring-security-core\6.5.7\spring-security-core-6.5.7.jar;C:\Users\navad\.m2\repository\org\springframework\security\spring-security-crypto\6.5.7\spring-security-crypto-6.5.7.jar;C:\Users\navad\.m2\repository\org\springframework\security\spring-security-web\6.5.7\spring-security-web-6.5.7.jar;C:\Users\navad\.m2\repository\org\springframework\boot\spring-boot-starter-validation\3.5.9\spring-boot-starter-validation-3.5.9.jar;C:\Users\navad\.m2\repository\org\apache\tomcat\embed\tomcat-embed-el\10.1.50\tomcat-embed-el-10.1.50.jar;C:\Users\navad\.m2\repository\org\hibernate\validator\hibernate-validator\8.0.3.Final\hibernate-validator-8.0.3.Final.jar;C:\Users\navad\.m2\repository\jakarta\validation\jakarta.validation-api\3.0.2\jakarta.validation-api-3.0.2.jar;C:\Users\navad\.m2\repository\io\jsonwebtoken\jjwt-api\0.11.5\jjwt-api-0.11.5.jar;C:\Users\navad\.m2\repository\io\jsonwebtoken\jjwt-impl\0.11.5\jjwt-impl-0.11.5.jar;C:\Users\navad\.m2\repository\io\jsonwebtoken\jjwt-jackson\0.11.5\jjwt-jackson-0.11.5.jar;C:\Users\navad\.m2\repository\com\fasterxml\jackson\core\jackson-databind\2.19.4\jackson-databind-2.19.4.jar;C:\Users\navad\.m2\repository\com\fasterxml\jackson\core\jackson-annotations\2.19.4\jackson-annotations-2.19.4.jar;C:\Users\navad\.m2\repository\com\fasterxml\jackson\core\jackson-core\2.19.4\jackson-core-2.19.4.jar;C:\Users\navad\.m2\repository\org\springdoc\springdoc-openapi-starter-webmvc-ui\2.8.5\springdoc-openapi-starter-webmvc-ui-2.8.5.jar;C:\Users\navad\.m2\repository\org\springdoc\springdoc-openapi-starter-webmvc-api\2.8.5\springdoc-openapi-starter-webmvc-api-2.8.5.jar;C:\Users\navad\.m2\repository\org\springdoc\springdoc-openapi-starter-common\2.8.5\springdoc-openapi-starter-common-2.8.5.jar;C:\Users\navad\.m2\repository\io\swagger\core\v3\swagger-core-jakarta\2.2.28\swagger-core-jakarta-2.2.28.jar;C:\Users\navad\.m2\repository\org\apache\commons\commons-lang3\3.17.0\commons-lang3-3.17.0.jar;C:\Users\navad\.m2\repository\io\swagger\core\v3\swagger-annotations-jakarta\2.2.28\swagger-annotations-jakarta-2.2.28.jar;C:\Users\navad\.m2\repository\io\swagger\core\v3\swagger-models-jakarta\2.2.28\swagger-models-jakarta-2.2.28.jar;C:\Users\navad\.m2\repository\com\fasterxml\jackson\dataformat\jackson-dataformat-yaml\2.19.4\jackson-dataformat-yaml-2.19.4.jar;C:\Users\navad\.m2\repository\org\webjars\swagger-ui\5.18.3\swagger-ui-5.18.3.jar;C:\Users\navad\.m2\repository\org\webjars\webjars-locator-lite\1.1.2\webjars-locator-lite-1.1.2.jar;C:\Users\navad\.m2\repository\org\jspecify\jspecify\1.0.0\jspecify-1.0.0.jar
Launcher Type: SUN_STANDARD

[Global flags]
     intx CICompilerCount                          = 4                                         {product} {ergonomic}
     uint ConcGCThreads                            = 2                                         {product} {ergonomic}
     uint G1ConcRefinementThreads                  = 8                                         {product} {ergonomic}
   size_t G1HeapRegionSize                         = 1048576                                   {product} {ergonomic}
    uintx GCDrainStackTargetSize                   = 64                                        {product} {ergonomic}
   size_t InitialHeapSize                          = 62914560                                  {product} {ergonomic}
   size_t MarkStackSize                            = 4194304                                   {product} {ergonomic}
   size_t MaxHeapSize                              = 1006632960                                {product} {ergonomic}
   size_t MaxNewSize                               = 603979776                                 {product} {ergonomic}
   size_t MinHeapDeltaBytes                        = 1048576                                   {product} {ergonomic}
   size_t MinHeapSize                              = 8388608                                   {product} {ergonomic}
    uintx NonNMethodCodeHeapSize                   = 5839372                                {pd product} {ergonomic}
    uintx NonProfiledCodeHeapSize                  = 122909434                              {pd product} {ergonomic}
    uintx ProfiledCodeHeapSize                     = 122909434                              {pd product} {ergonomic}
    uintx ReservedCodeCacheSize                    = 251658240                              {pd product} {ergonomic}
     bool SegmentedCodeCache                       = true                                      {product} {ergonomic}
   size_t SoftMaxHeapSize                          = 1006632960                             {manageable} {ergonomic}
     bool UseCompressedOops                        = true                           {product lp64_product} {ergonomic}
     bool UseG1GC                                  = true                                      {product} {ergonomic}
     bool UseLargePagesIndividualAllocation        = false                                  {pd product} {ergonomic}

Logging:
Log output configuration:
 #0: stdout all=warning uptime,level,tags foldmultilines=false
 #1: stderr all=off uptime,level,tags foldmultilines=false

Environment Variables:
PATH=C:\app\navad\product\21c\dbhomeXE\bin;C:\Program Files\Common Files\Oracle\Java\javapath;C:\WINDOWS\system32;C:\WINDOWS;C:\WINDOWS\System32\Wbem;C:\WINDOWS\System32\WindowsPowerShell\v1.0\;C:\WINDOWS\System32\OpenSSH\;C:\Program Files\Microsoft SQL Server\Client SDK\ODBC\170\Tools\Binn\;C:\Program Files (x86)\Microsoft SQL Server\150\Tools\Binn\;C:\Program Files\Microsoft SQL Server\150\Tools\Binn\;C:\Program Files\Microsoft SQL Server\150\DTS\Binn\;C:\Program Files\Git\cmd;C:\Program Files\Microsoft SQL Server\170\DTS\Binn\;C:\Program Files (x86)\Microsoft SQL Server\170\Tools\Binn\;C:\Program Files\Microsoft SQL Server\170\Tools\Binn\;C:\Program Files\Microsoft SQL Server\Client SDK\ODBC\180\Tools\Binn\;C:\Program Files\Docker\Docker\resources\bin;C:\Program Files\nodejs\;C:\Program Files\MySQL\MySQL Shell 8.0\bin\;C:\Users\navad\AppData\Local\Microsoft\WindowsApps;C:\Users\navad\AppData\Local\Programs\Microsoft VS Code\bin;C:\Users\navad\AppData\Roaming\npm
USERNAME=navad
OS=Windows_NT
PROCESSOR_IDENTIFIER=Intel64 Family 6 Model 140 Stepping 1, GenuineIntel
TMP=C:\Users\navad\AppData\Local\Temp
TEMP=C:\Users\navad\AppData\Local\Temp




Periodic native trim disabled

---------------  S Y S T E M  ---------------

OS:
 Windows 11 , 64 bit Build 26100 (10.0.26100.8737)
OS uptime: 0 days 0:49 hours
Hyper-V role detected

CPU: total 8 (initial active 8) (4 cores per cpu, 2 threads per core) family 6 model 140 stepping 1 microcode 0xbc, cx8, cmov, fxsr, ht, mmx, 3dnowpref, sse, sse2, sse3, ssse3, sse4.1, sse4.2, popcnt, lzcnt, tsc, tscinvbit, avx, avx2, aes, erms, clmul, bmi1, bmi2, adx, avx512f, avx512dq, avx512cd, avx512bw, avx512vl, sha, fma, vzeroupper, avx512_vpopcntdq, avx512_vpclmulqdq, avx512_vaes, avx512_vnni, clflush, clflushopt, clwb, avx512_vbmi2, avx512_vbmi, hv, rdtscp, rdpid, fsrm, gfni, avx512_bitalg, f16c, cet_ibt, cet_ss, avx512_ifma
Processor Information for all 8 processors :
  Max Mhz: 2419, Current Mhz: 2419, Mhz Limit: 2419

Memory: 4k page, system-wide physical 3836M (280M free)
TotalPageFile size 15612M (AvailPageFile size 0M)
current process WorkingSet (physical memory assigned to process): 162M, peak: 228M
current process commit charge ("private bytes"): 271M, peak: 272M

vm_info: Java HotSpot(TM) 64-Bit Server VM (21.0.9+7-LTS-338) for windows-amd64 JRE (21.0.9+7-LTS-338), built on 2025-09-26T06:33:49Z by "mach5run" with MS VC++ 17.6 (VS2022)

END.
